<?xml version="1.0" encoding="UTF-8"?>
<!-- Generated by org.testng.reporters.JUnitXMLReporter -->
<testsuite ignored="0" hostname="Yatendra-PC" failures="0" tests="6" name="Command line test" time="0.043" errors="0" timestamp="2020-08-06T17:40:50 IST">
  <testcase classname="com.mavenjava.AppiumTest" name="IOSApps" time="0.004"/>
  <testcase classname="com.mavenjava.AppiumTest" name="nativeAppAndroid" time="0.0"/>
  <testcase classname="com.mavenjava.RESTAPITest" name="deleteTwitter" time="0.0"/>
  <testcase classname="com.mavenjava.RESTAPITest" name="postJira" time="0.0"/>
  <testcase classname="com.mavenjava.SeleniumTest" name="browserAutomation" time="0.001"/>
  <testcase classname="com.mavenjava.SeleniumTest" name="elementsUI" time="0.0"/>
</testsuite> <!-- Command line test -->
