<?xml version="1.0" encoding="UTF-8"?>
<!-- Generated by org.testng.reporters.JUnitXMLReporter -->
<testsuite ignored="0" hostname="Yatendra-PC" failures="0" tests="4" name="Test" time="0.049" errors="0" timestamp="2020-08-06T17:49:03 IST">
  <testcase classname="com.mavenjava.RESTAPITest" name="deleteTwitter" time="0.005"/>
  <testcase classname="com.mavenjava.RESTAPITest" name="postJira" time="0.0"/>
  <testcase classname="com.mavenjava.SeleniumTest" name="browserAutomation" time="0.001"/>
  <testcase classname="com.mavenjava.SeleniumTest" name="elementsUI" time="0.0"/>
</testsuite> <!-- Test -->
