<?xml version="1.0" encoding="UTF-8"?>
<testng-results ignored="0" total="6" passed="6" failed="0" skipped="0">
  <reporter-output>
  </reporter-output>
  <suite started-at="2020-08-06T17:04:24 IST" name="Suite" finished-at="2020-08-06T17:04:24 IST" duration-ms="74">
    <groups>
    </groups>
    <test started-at="2020-08-06T17:04:24 IST" name="Test" finished-at="2020-08-06T17:04:24 IST" duration-ms="74">
      <class name="com.mavenjava.AppiumTest">
        <test-method signature="IOSApps()[pri:0, instance:com.mavenjava.AppiumTest@2beee7ff]" started-at="2020-08-06T17:04:24 IST" name="IOSApps" finished-at="2020-08-06T17:04:24 IST" duration-ms="1" status="PASS">
          <reporter-output>
          </reporter-output>
        </test-method> <!-- IOSApps -->
        <test-method signature="nativeAppAndroid()[pri:0, instance:com.mavenjava.AppiumTest@2beee7ff]" started-at="2020-08-06T17:04:24 IST" name="nativeAppAndroid" finished-at="2020-08-06T17:04:24 IST" duration-ms="2" status="PASS">
          <reporter-output>
          </reporter-output>
        </test-method> <!-- nativeAppAndroid -->
      </class> <!-- com.mavenjava.AppiumTest -->
      <class name="com.mavenjava.SeleniumTest">
        <test-method signature="browserAutomation()[pri:0, instance:com.mavenjava.SeleniumTest@306cf3ea]" started-at="2020-08-06T17:04:24 IST" name="browserAutomation" finished-at="2020-08-06T17:04:24 IST" duration-ms="2" status="PASS">
          <reporter-output>
          </reporter-output>
        </test-method> <!-- browserAutomation -->
        <test-method signature="elementsUI()[pri:0, instance:com.mavenjava.SeleniumTest@306cf3ea]" started-at="2020-08-06T17:04:24 IST" name="elementsUI" finished-at="2020-08-06T17:04:24 IST" duration-ms="2" status="PASS">
          <reporter-output>
          </reporter-output>
        </test-method> <!-- elementsUI -->
      </class> <!-- com.mavenjava.SeleniumTest -->
      <class name="com.mavenjava.RESTAPITest">
        <test-method signature="deleteTwitter()[pri:0, instance:com.mavenjava.RESTAPITest@1bb266b3]" started-at="2020-08-06T17:04:24 IST" name="deleteTwitter" finished-at="2020-08-06T17:04:24 IST" duration-ms="17" status="PASS">
          <reporter-output>
          </reporter-output>
        </test-method> <!-- deleteTwitter -->
        <test-method signature="postJira()[pri:0, instance:com.mavenjava.RESTAPITest@1bb266b3]" started-at="2020-08-06T17:04:24 IST" name="postJira" finished-at="2020-08-06T17:04:24 IST" duration-ms="1" status="PASS">
          <reporter-output>
          </reporter-output>
        </test-method> <!-- postJira -->
      </class> <!-- com.mavenjava.RESTAPITest -->
    </test> <!-- Test -->
  </suite> <!-- Suite -->
</testng-results>
